<config>
    <service name = "A" alias="P" overrides="T U"/>  <!-- P T U R Q W-->
    <service name = "B" alias="Q" overrides="W"/>    <!-- Q W -->
    <service name = "C" alias="T" overrides="W Z"/>  <!-- T W Z -->
    <service name = "D" alias="X"/>
    <service name = "E" alias="D" overrides="X U"/>
    <service name = "L" alias="M" />
    <service name = "M" alias="N" />
    <service name = "N" alias="O" />
    <service name = "O" alias="P" />

    <service name  = "Q"/>
    <service name  = "R" overrides=" Y"/>           <!-- R P T  -->
    <service name  = "P"/>
    <service name  = "T"/>
    <service name  = "U" overrides="R"/>              <!-- U R    Q W  -->
    <service name  = "W"/>
    <service name = "X" alias = "A"/>
    <service name = "Y" alias = "B"/>
    <service name  = "Z"/>


</config>